<?xml version="1.0" encoding="UTF-8"?>
<!-- Generated by org.testng.reporters.JUnitReportReporter -->
<testsuite hostname="Shilesh" failures="0" tests="4" name="Practice1.LoginTest" time="9.759" errors="0" timestamp="2024-09-11T11:03:11 IST" skipped="0">
  <testcase classname="Practice1.LoginTest" name="unsuccessfulLogin" time="3.384"/>
  <system-out/>
  <testcase classname="Practice1.LoginTest" name="specialLogin" time="2.996"/>
  <system-out/>
  <testcase classname="Practice1.LoginTest" name="emptyLogin" time="2.194"/>
  <system-out/>
  <testcase classname="Practice1.LoginTest" name="successfullLogin" time="1.185"/>
  <system-out/>
</testsuite> <!-- Practice1.LoginTest -->
