<?xml version="1.0" encoding="UTF-8"?>
<!-- Generated by org.testng.reporters.JUnitReportReporter -->
<testsuite hostname="Shilesh" failures="0" tests="4" name="Practice1.LoginTest" time="10.797" errors="0" timestamp="2024-09-11T21:33:33 IST" skipped="0">
  <testcase classname="Practice1.LoginTest" name="unsuccessfulLogin" time="3.027"/>
  <system-out/>
  <testcase classname="Practice1.LoginTest" name="specialcharactersLogin" time="2.931"/>
  <system-out/>
  <testcase classname="Practice1.LoginTest" name="emptyFieldsLogin" time="2.280"/>
  <system-out/>
  <testcase classname="Practice1.LoginTest" name="successfullLogin" time="2.559"/>
  <system-out/>
</testsuite> <!-- Practice1.LoginTest -->
