<?xml version="1.0" encoding="UTF-8"?>
<!-- Generated by org.testng.reporters.JUnitReportReporter -->
<testsuite hostname="Shilesh" failures="0" tests="5" name="Practice1.WebTestCase" time="12.383" errors="0" timestamp="2024-08-05T12:39:14 IST" skipped="4">
  <testcase classname="Practice1.WebTestCase" name="searchEmpID" time="12.383"/>
  <system-out/>
  <testcase classname="Practice1.WebTestCase" name="invalidLoginTest">
    <skipped/>
  </testcase> <!-- invalidLoginTest -->
  <system-out/>
  <testcase classname="Practice1.WebTestCase" name="addEmp">
    <skipped/>
  </testcase> <!-- addEmp -->
  <system-out/>
  <testcase classname="Practice1.WebTestCase" name="loginTest">
    <skipped/>
  </testcase> <!-- loginTest -->
  <system-out/>
  <testcase classname="Practice1.WebTestCase" name="searchEmoDetails">
    <skipped/>
  </testcase> <!-- searchEmoDetails -->
  <system-out/>
</testsuite> <!-- Practice1.WebTestCase -->
