<?xml version="1.0" encoding="UTF-8"?>
<!-- Generated by org.testng.reporters.JUnitReportReporter -->
<testsuite hostname="Shilesh" failures="0" tests="4" name="Practice1.LoginTest" time="11.682" errors="0" timestamp="2024-09-11T21:25:27 IST" skipped="0">
  <testcase classname="Practice1.LoginTest" name="unsuccessfulLogin" time="3.586"/>
  <system-out/>
  <testcase classname="Practice1.LoginTest" name="specialcharactersLogin" time="3.450"/>
  <system-out/>
  <testcase classname="Practice1.LoginTest" name="emptyFieldsLogin" time="2.163"/>
  <system-out/>
  <testcase classname="Practice1.LoginTest" name="successfullLogin" time="2.483"/>
  <system-out/>
</testsuite> <!-- Practice1.LoginTest -->
